finance/build/app/intermediates/manifest_merge_blame_file/release/manifest-merger-blame-release-report.txt
1<?xml version="1.0" encoding="utf-8"?>
2<manifest xmlns:android="http://schemas.android.com/apk/res/android"
3    package="com.example.finance"
4    android:versionCode="1"
5    android:versionName="1.0.0" >
6
7    <uses-sdk
8        android:minSdkVersion="21"
8-->src\main\AndroidManifest.xml
9        android:targetSdkVersion="34" />
9-->src\main\AndroidManifest.xml
10
11    <uses-permission android:name="android.permission.INTERNET" />
11-->[com.razorpay:standard-core:1.6.40] AndroidManifest.xml:8:5-67
11-->[com.razorpay:standard-core:1.6.40] AndroidManifest.xml:8:22-64
12
13    <queries>
13-->[com.razorpay:standard-core:1.6.40] AndroidManifest.xml:10:5-39:15
14        <intent>
14-->[com.razorpay:standard-core:1.6.40] AndroidManifest.xml:11:9-17:18
15            <action android:name="android.intent.action.VIEW" />
15-->[com.razorpay:standard-core:1.6.40] AndroidManifest.xml:12:13-65
15-->[com.razorpay:standard-core:1.6.40] AndroidManifest.xml:12:21-62
16
17            <data
17-->[com.razorpay:standard-core:1.6.40] AndroidManifest.xml:14:13-16:38
18                android:mimeType="*/*"
18-->[com.razorpay:standard-core:1.6.40] AndroidManifest.xml:15:17-39
19                android:scheme="*" />
19-->[com.razorpay:standard-core:1.6.40] AndroidManifest.xml:16:17-35
20        </intent>
21        <intent>
21-->[com.razorpay:standard-core:1.6.40] AndroidManifest.xml:18:9-27:18
22            <action android:name="android.intent.action.VIEW" />
22-->[com.razorpay:standard-core:1.6.40] AndroidManifest.xml:12:13-65
22-->[com.razorpay:standard-core:1.6.40] AndroidManifest.xml:12:21-62
23
24            <category android:name="android.intent.category.BROWSABLE" />
24-->[com.razorpay:standard-core:1.6.40] AndroidManifest.xml:21:13-74
24-->[com.razorpay:standard-core:1.6.40] AndroidManifest.xml:21:23-71
25
26            <data
26-->[com.razorpay:standard-core:1.6.40] AndroidManifest.xml:14:13-16:38
27                android:host="pay"
28                android:mimeType="*/*"
28-->[com.razorpay:standard-core:1.6.40] AndroidManifest.xml:15:17-39
29                android:scheme="upi" />
29-->[com.razorpay:standard-core:1.6.40] AndroidManifest.xml:16:17-35
30        </intent>
31        <intent>
31-->[com.razorpay:standard-core:1.6.40] AndroidManifest.xml:28:9-30:18
32            <action android:name="android.intent.action.MAIN" />
32-->src\main\AndroidManifest.xml:23:17-68
32-->src\main\AndroidManifest.xml:23:25-66
33        </intent>
34        <intent>
34-->[com.razorpay:standard-core:1.6.40] AndroidManifest.xml:31:9-35:18
35            <action android:name="android.intent.action.SEND" />
35-->[com.razorpay:standard-core:1.6.40] AndroidManifest.xml:32:13-65
35-->[com.razorpay:standard-core:1.6.40] AndroidManifest.xml:32:21-62
36
37            <data android:mimeType="*/*" />
37-->[com.razorpay:standard-core:1.6.40] AndroidManifest.xml:14:13-16:38
37-->[com.razorpay:standard-core:1.6.40] AndroidManifest.xml:15:17-39
38        </intent>
39        <intent>
39-->[com.razorpay:standard-core:1.6.40] AndroidManifest.xml:36:9-38:18
40            <action android:name="rzp.device_token.share" />
40-->[com.razorpay:standard-core:1.6.40] AndroidManifest.xml:37:13-61
40-->[com.razorpay:standard-core:1.6.40] AndroidManifest.xml:37:21-58
41        </intent>
42    </queries> <!-- Include required permissions for Google Maps API to run. -->
43    <uses-permission android:name="android.permission.ACCESS_NETWORK_STATE" />
43-->[com.google.android.gms:play-services-maps:17.0.0] AndroidManifest.xml:23:5-79
43-->[com.google.android.gms:play-services-maps:17.0.0] AndroidManifest.xml:23:22-76
44
45    <uses-feature
45-->[com.google.android.gms:play-services-maps:17.0.0] AndroidManifest.xml:26:5-28:35
46        android:glEsVersion="0x00020000"
46-->[com.google.android.gms:play-services-maps:17.0.0] AndroidManifest.xml:27:9-41
47        android:required="true" />
47-->[com.google.android.gms:play-services-maps:17.0.0] AndroidManifest.xml:28:9-32
48
49    <permission
49-->[androidx.core:core:1.10.1] AndroidManifest.xml:22:5-24:47
50        android:name="com.example.finance.DYNAMIC_RECEIVER_NOT_EXPORTED_PERMISSION"
50-->[androidx.core:core:1.10.1] AndroidManifest.xml:23:9-81
51        android:protectionLevel="signature" />
51-->[androidx.core:core:1.10.1] AndroidManifest.xml:24:9-44
52
53    <uses-permission android:name="com.example.finance.DYNAMIC_RECEIVER_NOT_EXPORTED_PERMISSION" />
53-->[androidx.core:core:1.10.1] AndroidManifest.xml:26:5-97
53-->[androidx.core:core:1.10.1] AndroidManifest.xml:26:22-94
54
55    <application
56        android:name="android.app.Application"
56-->src\main\AndroidManifest.xml:4:9-42
57        android:appComponentFactory="androidx.core.app.CoreComponentFactory"
57-->[androidx.core:core:1.10.1] AndroidManifest.xml:28:18-86
58        android:icon="@mipmap/ic_launcher"
58-->src\main\AndroidManifest.xml:5:9-43
59        android:label="finance" >
59-->src\main\AndroidManifest.xml:3:9-32
60        <activity
60-->src\main\AndroidManifest.xml:6:9-26:20
61            android:name="com.example.finance.MainActivity"
61-->src\main\AndroidManifest.xml:7:13-41
62            android:configChanges="orientation|keyboardHidden|keyboard|screenSize|smallestScreenSize|locale|layoutDirection|fontScale|screenLayout|density|uiMode"
62-->src\main\AndroidManifest.xml:11:13-163
63            android:exported="true"
63-->src\main\AndroidManifest.xml:8:13-36
64            android:hardwareAccelerated="true"
64-->src\main\AndroidManifest.xml:12:13-47
65            android:launchMode="singleTop"
65-->src\main\AndroidManifest.xml:9:13-43
66            android:theme="@style/LaunchTheme"
66-->src\main\AndroidManifest.xml:10:13-47
67            android:windowSoftInputMode="adjustResize" >
67-->src\main\AndroidManifest.xml:13:13-55
68
69            <!--
70                 Specifies an Android theme to apply to this Activity as soon as
71                 the Android process has started. This theme is visible to the user
72                 while the Flutter UI initializes. After that, this theme continues
73                 to determine the Window background behind the Flutter UI.
74            -->
75            <meta-data
75-->src\main\AndroidManifest.xml:18:13-21:17
76                android:name="io.flutter.embedding.android.NormalTheme"
76-->src\main\AndroidManifest.xml:19:15-70
77                android:resource="@style/NormalTheme" />
77-->src\main\AndroidManifest.xml:20:15-52
78
79            <intent-filter>
79-->src\main\AndroidManifest.xml:22:13-25:29
80                <action android:name="android.intent.action.MAIN" />
80-->src\main\AndroidManifest.xml:23:17-68
80-->src\main\AndroidManifest.xml:23:25-66
81
82                <category android:name="android.intent.category.LAUNCHER" />
82-->src\main\AndroidManifest.xml:24:17-76
82-->src\main\AndroidManifest.xml:24:27-74
83            </intent-filter>
84        </activity>
85        <!--
86             Don't delete the meta-data below.
87             This is used by the Flutter tool to generate GeneratedPluginRegistrant.java
88        -->
89        <meta-data
89-->src\main\AndroidManifest.xml:29:9-31:33
90            android:name="flutterEmbedding"
90-->src\main\AndroidManifest.xml:30:13-44
91            android:value="2" />
91-->src\main\AndroidManifest.xml:31:13-30
92
93        <activity
93-->[:url_launcher_android] AndroidManifest.xml:10:9-13:74
94            android:name="io.flutter.plugins.urllauncher.WebViewActivity"
94-->[:url_launcher_android] AndroidManifest.xml:11:13-74
95            android:exported="false"
95-->[:url_launcher_android] AndroidManifest.xml:12:13-37
96            android:theme="@android:style/Theme.NoTitleBar.Fullscreen" />
96-->[:url_launcher_android] AndroidManifest.xml:13:13-71
97
98        <uses-library
98-->[androidx.window:window:1.0.0-beta04] AndroidManifest.xml:25:9-27:40
99            android:name="androidx.window.extensions"
99-->[androidx.window:window:1.0.0-beta04] AndroidManifest.xml:26:13-54
100            android:required="false" />
100-->[androidx.window:window:1.0.0-beta04] AndroidManifest.xml:27:13-37
101        <uses-library
101-->[androidx.window:window:1.0.0-beta04] AndroidManifest.xml:28:9-30:40
102            android:name="androidx.window.sidecar"
102-->[androidx.window:window:1.0.0-beta04] AndroidManifest.xml:29:13-51
103            android:required="false" />
103-->[androidx.window:window:1.0.0-beta04] AndroidManifest.xml:30:13-37
104
105        <receiver
105-->[com.razorpay:standard-core:1.6.40] AndroidManifest.xml:42:9-49:20
106            android:name="com.razorpay.RzpTokenReceiver"
106-->[com.razorpay:standard-core:1.6.40] AndroidManifest.xml:43:13-57
107            android:exported="true" >
107-->[com.razorpay:standard-core:1.6.40] AndroidManifest.xml:44:13-36
108            <intent-filter>
108-->[com.razorpay:standard-core:1.6.40] AndroidManifest.xml:46:13-48:29
109                <action android:name="rzp.device_token.share" />
109-->[com.razorpay:standard-core:1.6.40] AndroidManifest.xml:37:13-61
109-->[com.razorpay:standard-core:1.6.40] AndroidManifest.xml:37:21-58
110            </intent-filter>
111        </receiver>
112
113        <activity
113-->[com.razorpay:standard-core:1.6.40] AndroidManifest.xml:51:9-59:20
114            android:name="com.razorpay.CheckoutActivity"
114-->[com.razorpay:standard-core:1.6.40] AndroidManifest.xml:52:13-57
115            android:configChanges="keyboard|keyboardHidden|orientation|screenSize"
115-->[com.razorpay:standard-core:1.6.40] AndroidManifest.xml:53:13-83
116            android:exported="false"
116-->[com.razorpay:standard-core:1.6.40] AndroidManifest.xml:54:13-37
117            android:theme="@style/CheckoutTheme" >
117-->[com.razorpay:standard-core:1.6.40] AndroidManifest.xml:55:13-49
118            <intent-filter>
118-->[com.razorpay:standard-core:1.6.40] AndroidManifest.xml:56:13-58:29
119                <action android:name="android.intent.action.MAIN" />
119-->src\main\AndroidManifest.xml:23:17-68
119-->src\main\AndroidManifest.xml:23:25-66
120            </intent-filter>
121        </activity>
122
123        <meta-data
123-->[com.razorpay:standard-core:1.6.40] AndroidManifest.xml:61:9-63:58
124            android:name="com.razorpay.plugin.googlepay_all"
124-->[com.razorpay:standard-core:1.6.40] AndroidManifest.xml:62:13-61
125            android:value="com.razorpay.RzpGpayMerged" />
125-->[com.razorpay:standard-core:1.6.40] AndroidManifest.xml:63:13-55
126
127        <activity
127-->[com.google.android.gms:play-services-auth:21.1.0] AndroidManifest.xml:23:9-27:75
128            android:name="com.google.android.gms.auth.api.signin.internal.SignInHubActivity"
128-->[com.google.android.gms:play-services-auth:21.1.0] AndroidManifest.xml:24:13-93
129            android:excludeFromRecents="true"
129-->[com.google.android.gms:play-services-auth:21.1.0] AndroidManifest.xml:25:13-46
130            android:exported="false"
130-->[com.google.android.gms:play-services-auth:21.1.0] AndroidManifest.xml:26:13-37
131            android:theme="@android:style/Theme.Translucent.NoTitleBar" />
131-->[com.google.android.gms:play-services-auth:21.1.0] AndroidManifest.xml:27:13-72
132        <!--
133            Service handling Google Sign-In user revocation. For apps that do not integrate with
134            Google Sign-In, this service will never be started.
135        -->
136        <service
136-->[com.google.android.gms:play-services-auth:21.1.0] AndroidManifest.xml:33:9-37:51
137            android:name="com.google.android.gms.auth.api.signin.RevocationBoundService"
137-->[com.google.android.gms:play-services-auth:21.1.0] AndroidManifest.xml:34:13-89
138            android:exported="true"
138-->[com.google.android.gms:play-services-auth:21.1.0] AndroidManifest.xml:35:13-36
139            android:permission="com.google.android.gms.auth.api.signin.permission.REVOCATION_NOTIFICATION"
139-->[com.google.android.gms:play-services-auth:21.1.0] AndroidManifest.xml:36:13-107
140            android:visibleToInstantApps="true" /> <!-- Needs to be explicitly declared on P+ -->
140-->[com.google.android.gms:play-services-auth:21.1.0] AndroidManifest.xml:37:13-48
141        <uses-library
141-->[com.google.android.gms:play-services-maps:17.0.0] AndroidManifest.xml:33:9-35:40
142            android:name="org.apache.http.legacy"
142-->[com.google.android.gms:play-services-maps:17.0.0] AndroidManifest.xml:34:13-50
143            android:required="false" />
143-->[com.google.android.gms:play-services-maps:17.0.0] AndroidManifest.xml:35:13-37
144
145        <activity
145-->[com.google.android.gms:play-services-base:18.3.0] AndroidManifest.xml:20:9-22:45
146            android:name="com.google.android.gms.common.api.GoogleApiActivity"
146-->[com.google.android.gms:play-services-base:18.3.0] AndroidManifest.xml:20:19-85
147            android:exported="false"
147-->[com.google.android.gms:play-services-base:18.3.0] AndroidManifest.xml:22:19-43
148            android:theme="@android:style/Theme.Translucent.NoTitleBar" />
148-->[com.google.android.gms:play-services-base:18.3.0] AndroidManifest.xml:21:19-78
149
150        <meta-data
150-->[com.google.android.gms:play-services-basement:18.3.0] AndroidManifest.xml:21:9-23:69
151            android:name="com.google.android.gms.version"
151-->[com.google.android.gms:play-services-basement:18.3.0] AndroidManifest.xml:22:13-58
152            android:value="@integer/google_play_services_version" />
152-->[com.google.android.gms:play-services-basement:18.3.0] AndroidManifest.xml:23:13-66
153    </application>
154
155</manifest>